# JRE version: OpenJDK Runtime Environment Temurin-21.0.10+7 (21.0.10+7) (build 21.0.10+7-LTS)
# Java VM: OpenJDK 64-Bit Server VM Temurin-21.0.10+7 (21.0.10+7-LTS, mixed mode, sharing, tiered, compressed oops, compressed class ptrs, parallel gc, windows-amd64)
GC Precious Log:
 CardTable entry size: 512
 CPUs: 16 total, 16 available
 Memory: 15789M
 Large Page Support: Disabled
 NUMA Support: Disabled
 Compressed Oops: Enabled (32-bit)
 Alignments: Space 512K, Generation 512K, Heap 2M
 Heap Min Capacity: 100M
 Heap Initial Capacity: 100M
 Heap Max Capacity: 2G
 Pre-touch: Disabled
 Parallel Workers: 13
Heap:
 PSYoungGen      total 13312K, used 11679K [0x00000000d5580000, 0x00000000d6580000, 0x0000000100000000)
  eden space 12800K, 88% used [0x00000000d5580000,0x00000000d6097da8,0x00000000d6200000)
  from space 512K, 62% used [0x00000000d6200000,0x00000000d6250000,0x00000000d6280000)
  to   space 1536K, 0% used [0x00000000d6400000,0x00000000d6400000,0x00000000d6580000)
 ParOldGen       total 94720K, used 94626K [0x0000000080000000, 0x0000000085c80000, 0x00000000d5580000)
  object space 94720K, 99% used [0x0000000080000000,0x0000000085c68b60,0x0000000085c80000)
 Metaspace       used 75212K, committed 76864K, reserved 1179648K
  class space    used 7846K, committed 8576K, reserved 1048576K
GC Heap History (20 events):
Event: 37.435 GC heap before
{Heap before GC invocations=55 (full 3):
 PSYoungGen      total 17408K, used 16064K [0x00000000d5580000, 0x00000000d6a00000, 0x0000000100000000)
  eden space 14336K, 100% used [0x00000000d5580000,0x00000000d6380000,0x00000000d6380000)
  from space 3072K, 56% used [0x00000000d6500000,0x00000000d66b0010,0x00000000d6800000)
  to   space 2048K, 0% used [0x00000000d6800000,0x00000000d6800000,0x00000000d6a00000)
 ParOldGen       total 79360K, used 78969K [0x0000000080000000, 0x0000000084d80000, 0x00000000d5580000)
  object space 79360K, 99% used [0x0000000080000000,0x0000000084d1e5f8,0x0000000084d80000)
 Metaspace       used 73380K, committed 74880K, reserved 1179648K
  class space    used 7661K, committed 8320K, reserved 1048576K
}
Event: 37.437 GC heap after
{Heap after GC invocations=55 (full 3):
 PSYoungGen      total 15360K, used 720K [0x00000000d5580000, 0x00000000d6900000, 0x0000000100000000)
  eden space 14336K, 0% used [0x00000000d5580000,0x00000000d5580000,0x00000000d6380000)
  from space 1024K, 70% used [0x00000000d6800000,0x00000000d68b4010,0x00000000d6900000)
  to   space 1536K, 0% used [0x00000000d6600000,0x00000000d6600000,0x00000000d6780000)
 ParOldGen       total 80896K, used 80523K [0x0000000080000000, 0x0000000084f00000, 0x00000000d5580000)
  object space 80896K, 99% used [0x0000000080000000,0x0000000084ea2cc8,0x0000000084f00000)
 Metaspace       used 73380K, committed 74880K, reserved 1179648K
  class space    used 7661K, committed 8320K, reserved 1048576K
}
Event: 37.549 GC heap before
{Heap before GC invocations=56 (full 3):
 PSYoungGen      total 15360K, used 15056K [0x00000000d5580000, 0x00000000d6900000, 0x0000000100000000)
  eden space 14336K, 100% used [0x00000000d5580000,0x00000000d6380000,0x00000000d6380000)
  from space 1024K, 70% used [0x00000000d6800000,0x00000000d68b4010,0x00000000d6900000)
  to   space 1536K, 0% used [0x00000000d6600000,0x00000000d6600000,0x00000000d6780000)
 ParOldGen       total 80896K, used 80523K [0x0000000080000000, 0x0000000084f00000, 0x00000000d5580000)
  object space 80896K, 99% used [0x0000000080000000,0x0000000084ea2cc8,0x0000000084f00000)
 Metaspace       used 74012K, committed 75584K, reserved 1179648K
  class space    used 7751K, committed 8448K, reserved 1048576K
}
Event: 37.551 GC heap after
{Heap after GC invocations=56 (full 3):
 PSYoungGen      total 15872K, used 1034K [0x00000000d5580000, 0x00000000d6880000, 0x0000000100000000)
  eden space 14336K, 0% used [0x00000000d5580000,0x00000000d5580000,0x00000000d6380000)
  from space 1536K, 67% used [0x00000000d6600000,0x00000000d6702bb8,0x00000000d6780000)
  to   space 1024K, 0% used [0x00000000d6780000,0x00000000d6780000,0x00000000d6880000)
 ParOldGen       total 80896K, used 80627K [0x0000000080000000, 0x0000000084f00000, 0x00000000d5580000)
  object space 80896K, 99% used [0x0000000080000000,0x0000000084ebccc8,0x0000000084f00000)
 Metaspace       used 74012K, committed 75584K, reserved 1179648K
  class space    used 7751K, committed 8448K, reserved 1048576K
}
Event: 37.636 GC heap before
{Heap before GC invocations=57 (full 3):
 PSYoungGen      total 15872K, used 15370K [0x00000000d5580000, 0x00000000d6880000, 0x0000000100000000)
  eden space 14336K, 100% used [0x00000000d5580000,0x00000000d6380000,0x00000000d6380000)
  from space 1536K, 67% used [0x00000000d6600000,0x00000000d6702bb8,0x00000000d6780000)
  to   space 1024K, 0% used [0x00000000d6780000,0x00000000d6780000,0x00000000d6880000)
 ParOldGen       total 80896K, used 80627K [0x0000000080000000, 0x0000000084f00000, 0x00000000d5580000)
  object space 80896K, 99% used [0x0000000080000000,0x0000000084ebccc8,0x0000000084f00000)
 Metaspace       used 74370K, committed 76032K, reserved 1179648K
  class space    used 7796K, committed 8512K, reserved 1048576K
}
Event: 37.638 GC heap after
{Heap after GC invocations=57 (full 3):
 PSYoungGen      total 15360K, used 1008K [0x00000000d5580000, 0x00000000d6980000, 0x0000000100000000)
  eden space 14336K, 0% used [0x00000000d5580000,0x00000000d5580000,0x00000000d6380000)
  from space 1024K, 98% used [0x00000000d6780000,0x00000000d687c030,0x00000000d6880000)
  to   space 3072K, 0% used [0x00000000d6380000,0x00000000d6380000,0x00000000d6680000)
 ParOldGen       total 82432K, used 82181K [0x0000000080000000, 0x0000000085080000, 0x00000000d5580000)
  object space 82432K, 99% used [0x0000000080000000,0x0000000085041578,0x0000000085080000)
 Metaspace       used 74370K, committed 76032K, reserved 1179648K
  class space    used 7796K, committed 8512K, reserved 1048576K
}
Event: 37.800 GC heap before
{Heap before GC invocations=58 (full 3):
 PSYoungGen      total 15360K, used 15344K [0x00000000d5580000, 0x00000000d6980000, 0x0000000100000000)
  eden space 14336K, 100% used [0x00000000d5580000,0x00000000d6380000,0x00000000d6380000)
  from space 1024K, 98% used [0x00000000d6780000,0x00000000d687c030,0x00000000d6880000)
  to   space 3072K, 0% used [0x00000000d6380000,0x00000000d6380000,0x00000000d6680000)
 ParOldGen       total 82432K, used 82181K [0x0000000080000000, 0x0000000085080000, 0x00000000d5580000)
  object space 82432K, 99% used [0x0000000080000000,0x0000000085041578,0x0000000085080000)
 Metaspace       used 74506K, committed 76096K, reserved 1179648K
  class space    used 7808K, committed 8512K, reserved 1048576K
}
Event: 37.802 GC heap after
{Heap after GC invocations=58 (full 3):
 PSYoungGen      total 15360K, used 1014K [0x00000000d5580000, 0x00000000d6800000, 0x0000000100000000)
  eden space 14336K, 0% used [0x00000000d5580000,0x00000000d5580000,0x00000000d6380000)
  from space 1024K, 99% used [0x00000000d6380000,0x00000000d647d970,0x00000000d6480000)
  to   space 2048K, 0% used [0x00000000d6600000,0x00000000d6600000,0x00000000d6800000)
 ParOldGen       total 83456K, used 83195K [0x0000000080000000, 0x0000000085180000, 0x00000000d5580000)
  object space 83456K, 99% used [0x0000000080000000,0x000000008513ee30,0x0000000085180000)
 Metaspace       used 74506K, committed 76096K, reserved 1179648K
  class space    used 7808K, committed 8512K, reserved 1048576K
}
Event: 37.982 GC heap before
{Heap before GC invocations=59 (full 3):
 PSYoungGen      total 15360K, used 15350K [0x00000000d5580000, 0x00000000d6800000, 0x0000000100000000)
  eden space 14336K, 100% used [0x00000000d5580000,0x00000000d6380000,0x00000000d6380000)
  from space 1024K, 99% used [0x00000000d6380000,0x00000000d647d970,0x00000000d6480000)
  to   space 2048K, 0% used [0x00000000d6600000,0x00000000d6600000,0x00000000d6800000)
 ParOldGen       total 83456K, used 83195K [0x0000000080000000, 0x0000000085180000, 0x00000000d5580000)
  object space 83456K, 99% used [0x0000000080000000,0x000000008513ee30,0x0000000085180000)
 Metaspace       used 74523K, committed 76160K, reserved 1179648K
  class space    used 7809K, committed 8512K, reserved 1048576K
}
Event: 37.985 GC heap after
{Heap after GC invocations=59 (full 3):
 PSYoungGen      total 14848K, used 2026K [0x00000000d5580000, 0x00000000d6b80000, 0x0000000100000000)
  eden space 12800K, 0% used [0x00000000d5580000,0x00000000d5580000,0x00000000d6200000)
  from space 2048K, 98% used [0x00000000d6600000,0x00000000d67fabb8,0x00000000d6800000)
  to   space 4096K, 0% used [0x00000000d6200000,0x00000000d6200000,0x00000000d6600000)
 ParOldGen       total 84992K, used 84702K [0x0000000080000000, 0x0000000085300000, 0x00000000d5580000)
  object space 84992K, 99% used [0x0000000080000000,0x00000000852b7a30,0x0000000085300000)
 Metaspace       used 74523K, committed 76160K, reserved 1179648K
  class space    used 7809K, committed 8512K, reserved 1048576K
}
Event: 38.171 GC heap before
{Heap before GC invocations=60 (full 3):
 PSYoungGen      total 14848K, used 14826K [0x00000000d5580000, 0x00000000d6b80000, 0x0000000100000000)
  eden space 12800K, 100% used [0x00000000d5580000,0x00000000d6200000,0x00000000d6200000)
  from space 2048K, 98% used [0x00000000d6600000,0x00000000d67fabb8,0x00000000d6800000)
  to   space 4096K, 0% used [0x00000000d6200000,0x00000000d6200000,0x00000000d6600000)
 ParOldGen       total 84992K, used 84702K [0x0000000080000000, 0x0000000085300000, 0x00000000d5580000)
  object space 84992K, 99% used [0x0000000080000000,0x00000000852b7a30,0x0000000085300000)
 Metaspace       used 74591K, committed 76224K, reserved 1179648K
  class space    used 7809K, committed 8512K, reserved 1048576K
}
Event: 38.174 GC heap after
{Heap after GC invocations=60 (full 3):
 PSYoungGen      total 16384K, used 3386K [0x00000000d5580000, 0x00000000d6900000, 0x0000000100000000)
  eden space 12800K, 0% used [0x00000000d5580000,0x00000000d5580000,0x00000000d6200000)
  from space 3584K, 94% used [0x00000000d6200000,0x00000000d654ebc8,0x00000000d6580000)
  to   space 3584K, 0% used [0x00000000d6580000,0x00000000d6580000,0x00000000d6900000)
 ParOldGen       total 87040K, used 86649K [0x0000000080000000, 0x0000000085500000, 0x00000000d5580000)
  object space 87040K, 99% used [0x0000000080000000,0x000000008549e718,0x0000000085500000)
 Metaspace       used 74591K, committed 76224K, reserved 1179648K
  class space    used 7809K, committed 8512K, reserved 1048576K
}
Event: 38.343 GC heap before
{Heap before GC invocations=61 (full 3):
 PSYoungGen      total 16384K, used 16186K [0x00000000d5580000, 0x00000000d6900000, 0x0000000100000000)
  eden space 12800K, 100% used [0x00000000d5580000,0x00000000d6200000,0x00000000d6200000)
  from space 3584K, 94% used [0x00000000d6200000,0x00000000d654ebc8,0x00000000d6580000)
  to   space 3584K, 0% used [0x00000000d6580000,0x00000000d6580000,0x00000000d6900000)
 ParOldGen       total 87040K, used 86649K [0x0000000080000000, 0x0000000085500000, 0x00000000d5580000)
  object space 87040K, 99% used [0x0000000080000000,0x000000008549e718,0x0000000085500000)
 Metaspace       used 74625K, committed 76224K, reserved 1179648K
  class space    used 7812K, committed 8512K, reserved 1048576K
}
Event: 38.346 GC heap after
{Heap after GC invocations=61 (full 3):
 PSYoungGen      total 13824K, used 608K [0x00000000d5580000, 0x00000000d6680000, 0x0000000100000000)
  eden space 12800K, 0% used [0x00000000d5580000,0x00000000d5580000,0x00000000d6200000)
  from space 1024K, 59% used [0x00000000d6580000,0x00000000d6618038,0x00000000d6680000)
  to   space 2048K, 0% used [0x00000000d6280000,0x00000000d6280000,0x00000000d6480000)
 ParOldGen       total 90112K, used 89705K [0x0000000080000000, 0x0000000085800000, 0x00000000d5580000)
  object space 90112K, 99% used [0x0000000080000000,0x000000008579a4c0,0x0000000085800000)
 Metaspace       used 74625K, committed 76224K, reserved 1179648K
  class space    used 7812K, committed 8512K, reserved 1048576K
}
Event: 38.706 GC heap before
{Heap before GC invocations=62 (full 3):
 PSYoungGen      total 13824K, used 13408K [0x00000000d5580000, 0x00000000d6680000, 0x0000000100000000)
  eden space 12800K, 100% used [0x00000000d5580000,0x00000000d6200000,0x00000000d6200000)
  from space 1024K, 59% used [0x00000000d6580000,0x00000000d6618038,0x00000000d6680000)
  to   space 2048K, 0% used [0x00000000d6280000,0x00000000d6280000,0x00000000d6480000)
 ParOldGen       total 90112K, used 89705K [0x0000000080000000, 0x0000000085800000, 0x00000000d5580000)
  object space 90112K, 99% used [0x0000000080000000,0x000000008579a4c0,0x0000000085800000)
 Metaspace       used 74689K, committed 76352K, reserved 1179648K
  class space    used 7816K, committed 8512K, reserved 1048576K
}
Event: 38.708 GC heap after
{Heap after GC invocations=62 (full 3):
 PSYoungGen      total 14848K, used 2042K [0x00000000d5580000, 0x00000000d6800000, 0x0000000100000000)
  eden space 12800K, 0% used [0x00000000d5580000,0x00000000d5580000,0x00000000d6200000)
  from space 2048K, 99% used [0x00000000d6280000,0x00000000d647eba8,0x00000000d6480000)
  to   space 3072K, 0% used [0x00000000d6500000,0x00000000d6500000,0x00000000d6800000)
 ParOldGen       total 90624K, used 90245K [0x0000000080000000, 0x0000000085880000, 0x00000000d5580000)
  object space 90624K, 99% used [0x0000000080000000,0x0000000085821670,0x0000000085880000)
 Metaspace       used 74689K, committed 76352K, reserved 1179648K
  class space    used 7816K, committed 8512K, reserved 1048576K
}
Event: 38.877 GC heap before
{Heap before GC invocations=63 (full 3):
 PSYoungGen      total 14848K, used 14842K [0x00000000d5580000, 0x00000000d6800000, 0x0000000100000000)
  eden space 12800K, 100% used [0x00000000d5580000,0x00000000d6200000,0x00000000d6200000)
  from space 2048K, 99% used [0x00000000d6280000,0x00000000d647eba8,0x00000000d6480000)
  to   space 3072K, 0% used [0x00000000d6500000,0x00000000d6500000,0x00000000d6800000)
 ParOldGen       total 90624K, used 90245K [0x0000000080000000, 0x0000000085880000, 0x00000000d5580000)
  object space 90624K, 99% used [0x0000000080000000,0x0000000085821670,0x0000000085880000)
 Metaspace       used 74754K, committed 76352K, reserved 1179648K
  class space    used 7816K, committed 8512K, reserved 1048576K
}
Event: 38.879 GC heap after
{Heap after GC invocations=63 (full 3):
 PSYoungGen      total 15872K, used 2522K [0x00000000d5580000, 0x00000000d6800000, 0x0000000100000000)
  eden space 12800K, 0% used [0x00000000d5580000,0x00000000d5580000,0x00000000d6200000)
  from space 3072K, 82% used [0x00000000d6500000,0x00000000d6776b98,0x00000000d6800000)
  to   space 3072K, 0% used [0x00000000d6200000,0x00000000d6200000,0x00000000d6500000)
 ParOldGen       total 92672K, used 92302K [0x0000000080000000, 0x0000000085a80000, 0x00000000d5580000)
  object space 92672K, 99% used [0x0000000080000000,0x0000000085a23820,0x0000000085a80000)
 Metaspace       used 74754K, committed 76352K, reserved 1179648K
  class space    used 7816K, committed 8512K, reserved 1048576K
}
Event: 39.021 GC heap before
{Heap before GC invocations=64 (full 3):
 PSYoungGen      total 15872K, used 15322K [0x00000000d5580000, 0x00000000d6800000, 0x0000000100000000)
  eden space 12800K, 100% used [0x00000000d5580000,0x00000000d6200000,0x00000000d6200000)
  from space 3072K, 82% used [0x00000000d6500000,0x00000000d6776b98,0x00000000d6800000)
  to   space 3072K, 0% used [0x00000000d6200000,0x00000000d6200000,0x00000000d6500000)
 ParOldGen       total 92672K, used 92302K [0x0000000080000000, 0x0000000085a80000, 0x00000000d5580000)
  object space 92672K, 99% used [0x0000000080000000,0x0000000085a23820,0x0000000085a80000)
 Metaspace       used 74794K, committed 76416K, reserved 1179648K
  class space    used 7817K, committed 8512K, reserved 1048576K
}
Event: 39.023 GC heap after
{Heap after GC invocations=64 (full 3):
 PSYoungGen      total 13312K, used 320K [0x00000000d5580000, 0x00000000d6580000, 0x0000000100000000)
  eden space 12800K, 0% used [0x00000000d5580000,0x00000000d5580000,0x00000000d6200000)
  from space 512K, 62% used [0x00000000d6200000,0x00000000d6250000,0x00000000d6280000)
  to   space 1536K, 0% used [0x00000000d6400000,0x00000000d6400000,0x00000000d6580000)
 ParOldGen       total 94720K, used 94626K [0x0000000080000000, 0x0000000085c80000, 0x00000000d5580000)
  object space 94720K, 99% used [0x0000000080000000,0x0000000085c68b60,0x0000000085c80000)
 Metaspace       used 74794K, committed 76416K, reserved 1179648K
  class space    used 7817K, committed 8512K, reserved 1048576K
}

