# JRE version: OpenJDK Runtime Environment Temurin-21.0.10+7 (21.0.10+7) (build 21.0.10+7-LTS)
# Java VM: OpenJDK 64-Bit Server VM Temurin-21.0.10+7 (21.0.10+7-LTS, mixed mode, sharing, tiered, compressed oops, compressed class ptrs, parallel gc, windows-amd64)
GC Precious Log:
 CardTable entry size: 512
 CPUs: 12 total, 12 available
 Memory: 24388M
 Large Page Support: Disabled
 NUMA Support: Disabled
 Compressed Oops: Enabled (32-bit)
 Alignments: Space 512K, Generation 512K, Heap 2M
 Heap Min Capacity: 100M
 Heap Initial Capacity: 100M
 Heap Max Capacity: 2G
 Pre-touch: Disabled
 Parallel Workers: 10
Heap:
 PSYoungGen      total 13824K, used 3435K [0x00000000d5580000, 0x00000000d6480000, 0x0000000100000000)
  eden space 12288K, 21% used [0x00000000d5580000,0x00000000d581ef88,0x00000000d6180000)
  from space 1536K, 48% used [0x00000000d6200000,0x00000000d62bc010,0x00000000d6380000)
  to   space 1024K, 0% used [0x00000000d6380000,0x00000000d6380000,0x00000000d6480000)
 ParOldGen       total 698880K, used 698608K [0x0000000080000000, 0x00000000aaa80000, 0x00000000d5580000)
  object space 698880K, 99% used [0x0000000080000000,0x00000000aaa3c288,0x00000000aaa80000)
 Metaspace       used 89181K, committed 91008K, reserved 1179648K
  class space    used 9165K, committed 9984K, reserved 1048576K
GC Heap History (20 events):
Event: 987.949 GC heap before
{Heap before GC invocations=1898 (full 4):
 PSYoungGen      total 9216K, used 9168K [0x00000000d5580000, 0x00000000d6180000, 0x0000000100000000)
  eden space 8192K, 100% used [0x00000000d5580000,0x00000000d5d80000,0x00000000d5d80000)
  from space 1024K, 95% used [0x00000000d5f80000,0x00000000d6074010,0x00000000d6080000)
  to   space 1024K, 0% used [0x00000000d6080000,0x00000000d6080000,0x00000000d6180000)
 ParOldGen       total 688128K, used 687846K [0x0000000080000000, 0x00000000aa000000, 0x00000000d5580000)
  object space 688128K, 99% used [0x0000000080000000,0x00000000a9fb9970,0x00000000aa000000)
 Metaspace       used 89147K, committed 90944K, reserved 1179648K
  class space    used 9163K, committed 9920K, reserved 1048576K
}
Event: 988.032 GC heap after
{Heap after GC invocations=1898 (full 4):
 PSYoungGen      total 11264K, used 736K [0x00000000d5580000, 0x00000000d6180000, 0x0000000100000000)
  eden space 10240K, 0% used [0x00000000d5580000,0x00000000d5580000,0x00000000d5f80000)
  from space 1024K, 71% used [0x00000000d6080000,0x00000000d6138000,0x00000000d6180000)
  to   space 1024K, 0% used [0x00000000d5f80000,0x00000000d5f80000,0x00000000d6080000)
 ParOldGen       total 689152K, used 688738K [0x0000000080000000, 0x00000000aa100000, 0x00000000d5580000)
  object space 689152K, 99% used [0x0000000080000000,0x00000000aa0989a0,0x00000000aa100000)
 Metaspace       used 89147K, committed 90944K, reserved 1179648K
  class space    used 9163K, committed 9920K, reserved 1048576K
}
Event: 988.095 GC heap before
{Heap before GC invocations=1899 (full 4):
 PSYoungGen      total 11264K, used 10976K [0x00000000d5580000, 0x00000000d6180000, 0x0000000100000000)
  eden space 10240K, 100% used [0x00000000d5580000,0x00000000d5f80000,0x00000000d5f80000)
  from space 1024K, 71% used [0x00000000d6080000,0x00000000d6138000,0x00000000d6180000)
  to   space 1024K, 0% used [0x00000000d5f80000,0x00000000d5f80000,0x00000000d6080000)
 ParOldGen       total 689152K, used 688738K [0x0000000080000000, 0x00000000aa100000, 0x00000000d5580000)
  object space 689152K, 99% used [0x0000000080000000,0x00000000aa0989a0,0x00000000aa100000)
 Metaspace       used 89154K, committed 90944K, reserved 1179648K
  class space    used 9163K, committed 9920K, reserved 1048576K
}
Event: 988.132 GC heap after
{Heap after GC invocations=1899 (full 4):
 PSYoungGen      total 11264K, used 992K [0x00000000d5580000, 0x00000000d6580000, 0x0000000100000000)
  eden space 10240K, 0% used [0x00000000d5580000,0x00000000d5580000,0x00000000d5f80000)
  from space 1024K, 96% used [0x00000000d5f80000,0x00000000d6078020,0x00000000d6080000)
  to   space 2048K, 0% used [0x00000000d6380000,0x00000000d6380000,0x00000000d6580000)
 ParOldGen       total 689664K, used 689258K [0x0000000080000000, 0x00000000aa180000, 0x00000000d5580000)
  object space 689664K, 99% used [0x0000000080000000,0x00000000aa11a9e0,0x00000000aa180000)
 Metaspace       used 89154K, committed 90944K, reserved 1179648K
  class space    used 9163K, committed 9920K, reserved 1048576K
}
Event: 988.311 GC heap before
{Heap before GC invocations=1900 (full 4):
 PSYoungGen      total 11264K, used 11232K [0x00000000d5580000, 0x00000000d6580000, 0x0000000100000000)
  eden space 10240K, 100% used [0x00000000d5580000,0x00000000d5f80000,0x00000000d5f80000)
  from space 1024K, 96% used [0x00000000d5f80000,0x00000000d6078020,0x00000000d6080000)
  to   space 2048K, 0% used [0x00000000d6380000,0x00000000d6380000,0x00000000d6580000)
 ParOldGen       total 689664K, used 689258K [0x0000000080000000, 0x00000000aa180000, 0x00000000d5580000)
  object space 689664K, 99% used [0x0000000080000000,0x00000000aa11a9e0,0x00000000aa180000)
 Metaspace       used 89156K, committed 90944K, reserved 1179648K
  class space    used 9163K, committed 9920K, reserved 1048576K
}
Event: 988.320 GC heap after
{Heap after GC invocations=1900 (full 4):
 PSYoungGen      total 13824K, used 1072K [0x00000000d5580000, 0x00000000d6500000, 0x0000000100000000)
  eden space 12288K, 0% used [0x00000000d5580000,0x00000000d5580000,0x00000000d6180000)
  from space 1536K, 69% used [0x00000000d6380000,0x00000000d648c010,0x00000000d6500000)
  to   space 1536K, 0% used [0x00000000d6200000,0x00000000d6200000,0x00000000d6380000)
 ParOldGen       total 690688K, used 690232K [0x0000000080000000, 0x00000000aa280000, 0x00000000d5580000)
  object space 690688K, 99% used [0x0000000080000000,0x00000000aa20e2d8,0x00000000aa280000)
 Metaspace       used 89156K, committed 90944K, reserved 1179648K
  class space    used 9163K, committed 9920K, reserved 1048576K
}
Event: 988.454 GC heap before
{Heap before GC invocations=1901 (full 4):
 PSYoungGen      total 13824K, used 13360K [0x00000000d5580000, 0x00000000d6500000, 0x0000000100000000)
  eden space 12288K, 100% used [0x00000000d5580000,0x00000000d6180000,0x00000000d6180000)
  from space 1536K, 69% used [0x00000000d6380000,0x00000000d648c010,0x00000000d6500000)
  to   space 1536K, 0% used [0x00000000d6200000,0x00000000d6200000,0x00000000d6380000)
 ParOldGen       total 690688K, used 690232K [0x0000000080000000, 0x00000000aa280000, 0x00000000d5580000)
  object space 690688K, 99% used [0x0000000080000000,0x00000000aa20e2d8,0x00000000aa280000)
 Metaspace       used 89163K, committed 91008K, reserved 1179648K
  class space    used 9163K, committed 9984K, reserved 1048576K
}
Event: 988.463 GC heap after
{Heap after GC invocations=1901 (full 4):
 PSYoungGen      total 13312K, used 832K [0x00000000d5580000, 0x00000000d6400000, 0x0000000100000000)
  eden space 12288K, 0% used [0x00000000d5580000,0x00000000d5580000,0x00000000d6180000)
  from space 1024K, 81% used [0x00000000d6200000,0x00000000d62d0000,0x00000000d6300000)
  to   space 1024K, 0% used [0x00000000d6300000,0x00000000d6300000,0x00000000d6400000)
 ParOldGen       total 691200K, used 691066K [0x0000000080000000, 0x00000000aa300000, 0x00000000d5580000)
  object space 691200K, 99% used [0x0000000080000000,0x00000000aa2deaf0,0x00000000aa300000)
 Metaspace       used 89163K, committed 91008K, reserved 1179648K
  class space    used 9163K, committed 9984K, reserved 1048576K
}
Event: 988.590 GC heap before
{Heap before GC invocations=1902 (full 4):
 PSYoungGen      total 13312K, used 13120K [0x00000000d5580000, 0x00000000d6400000, 0x0000000100000000)
  eden space 12288K, 100% used [0x00000000d5580000,0x00000000d6180000,0x00000000d6180000)
  from space 1024K, 81% used [0x00000000d6200000,0x00000000d62d0000,0x00000000d6300000)
  to   space 1024K, 0% used [0x00000000d6300000,0x00000000d6300000,0x00000000d6400000)
 ParOldGen       total 691200K, used 691066K [0x0000000080000000, 0x00000000aa300000, 0x00000000d5580000)
  object space 691200K, 99% used [0x0000000080000000,0x00000000aa2deaf0,0x00000000aa300000)
 Metaspace       used 89166K, committed 91008K, reserved 1179648K
  class space    used 9164K, committed 9984K, reserved 1048576K
}
Event: 988.601 GC heap after
{Heap after GC invocations=1902 (full 4):
 PSYoungGen      total 13312K, used 864K [0x00000000d5580000, 0x00000000d6400000, 0x0000000100000000)
  eden space 12288K, 0% used [0x00000000d5580000,0x00000000d5580000,0x00000000d6180000)
  from space 1024K, 84% used [0x00000000d6300000,0x00000000d63d8000,0x00000000d6400000)
  to   space 1024K, 0% used [0x00000000d6200000,0x00000000d6200000,0x00000000d6300000)
 ParOldGen       total 692224K, used 691714K [0x0000000080000000, 0x00000000aa400000, 0x00000000d5580000)
  object space 692224K, 99% used [0x0000000080000000,0x00000000aa380830,0x00000000aa400000)
 Metaspace       used 89166K, committed 91008K, reserved 1179648K
  class space    used 9164K, committed 9984K, reserved 1048576K
}
Event: 989.029 GC heap before
{Heap before GC invocations=1903 (full 4):
 PSYoungGen      total 13312K, used 13152K [0x00000000d5580000, 0x00000000d6400000, 0x0000000100000000)
  eden space 12288K, 100% used [0x00000000d5580000,0x00000000d6180000,0x00000000d6180000)
  from space 1024K, 84% used [0x00000000d6300000,0x00000000d63d8000,0x00000000d6400000)
  to   space 1024K, 0% used [0x00000000d6200000,0x00000000d6200000,0x00000000d6300000)
 ParOldGen       total 692224K, used 691714K [0x0000000080000000, 0x00000000aa400000, 0x00000000d5580000)
  object space 692224K, 99% used [0x0000000080000000,0x00000000aa380830,0x00000000aa400000)
 Metaspace       used 89170K, committed 91008K, reserved 1179648K
  class space    used 9164K, committed 9984K, reserved 1048576K
}
Event: 989.076 GC heap after
{Heap after GC invocations=1903 (full 4):
 PSYoungGen      total 13312K, used 1024K [0x00000000d5580000, 0x00000000d6980000, 0x0000000100000000)
  eden space 12288K, 0% used [0x00000000d5580000,0x00000000d5580000,0x00000000d6180000)
  from space 1024K, 100% used [0x00000000d6200000,0x00000000d6300000,0x00000000d6300000)
  to   space 4096K, 0% used [0x00000000d6580000,0x00000000d6580000,0x00000000d6980000)
 ParOldGen       total 694272K, used 694179K [0x0000000080000000, 0x00000000aa600000, 0x00000000d5580000)
  object space 694272K, 99% used [0x0000000080000000,0x00000000aa5e8d60,0x00000000aa600000)
 Metaspace       used 89170K, committed 91008K, reserved 1179648K
  class space    used 9164K, committed 9984K, reserved 1048576K
}
Event: 989.186 GC heap before
{Heap before GC invocations=1904 (full 4):
 PSYoungGen      total 13312K, used 13312K [0x00000000d5580000, 0x00000000d6980000, 0x0000000100000000)
  eden space 12288K, 100% used [0x00000000d5580000,0x00000000d6180000,0x00000000d6180000)
  from space 1024K, 100% used [0x00000000d6200000,0x00000000d6300000,0x00000000d6300000)
  to   space 4096K, 0% used [0x00000000d6580000,0x00000000d6580000,0x00000000d6980000)
 ParOldGen       total 694272K, used 694179K [0x0000000080000000, 0x00000000aa600000, 0x00000000d5580000)
  object space 694272K, 99% used [0x0000000080000000,0x00000000aa5e8d60,0x00000000aa600000)
 Metaspace       used 89172K, committed 91008K, reserved 1179648K
  class space    used 9164K, committed 9984K, reserved 1048576K
}
Event: 989.198 GC heap after
{Heap after GC invocations=1904 (full 4):
 PSYoungGen      total 14848K, used 2304K [0x00000000d5580000, 0x00000000d6800000, 0x0000000100000000)
  eden space 12288K, 0% used [0x00000000d5580000,0x00000000d5580000,0x00000000d6180000)
  from space 2560K, 90% used [0x00000000d6580000,0x00000000d67c0000,0x00000000d6800000)
  to   space 3072K, 0% used [0x00000000d6200000,0x00000000d6200000,0x00000000d6500000)
 ParOldGen       total 695296K, used 695221K [0x0000000080000000, 0x00000000aa700000, 0x00000000d5580000)
  object space 695296K, 99% used [0x0000000080000000,0x00000000aa6ed410,0x00000000aa700000)
 Metaspace       used 89172K, committed 91008K, reserved 1179648K
  class space    used 9164K, committed 9984K, reserved 1048576K
}
Event: 989.258 GC heap before
{Heap before GC invocations=1905 (full 4):
 PSYoungGen      total 14848K, used 14592K [0x00000000d5580000, 0x00000000d6800000, 0x0000000100000000)
  eden space 12288K, 100% used [0x00000000d5580000,0x00000000d6180000,0x00000000d6180000)
  from space 2560K, 90% used [0x00000000d6580000,0x00000000d67c0000,0x00000000d6800000)
  to   space 3072K, 0% used [0x00000000d6200000,0x00000000d6200000,0x00000000d6500000)
 ParOldGen       total 695296K, used 695221K [0x0000000080000000, 0x00000000aa700000, 0x00000000d5580000)
  object space 695296K, 99% used [0x0000000080000000,0x00000000aa6ed410,0x00000000aa700000)
 Metaspace       used 89173K, committed 91008K, reserved 1179648K
  class space    used 9164K, committed 9984K, reserved 1048576K
}
Event: 989.272 GC heap after
{Heap after GC invocations=1905 (full 4):
 PSYoungGen      total 13824K, used 1056K [0x00000000d5580000, 0x00000000d6600000, 0x0000000100000000)
  eden space 12288K, 0% used [0x00000000d5580000,0x00000000d5580000,0x00000000d6180000)
  from space 1536K, 68% used [0x00000000d6200000,0x00000000d6308000,0x00000000d6380000)
  to   space 2048K, 0% used [0x00000000d6400000,0x00000000d6400000,0x00000000d6600000)
 ParOldGen       total 697344K, used 697280K [0x0000000080000000, 0x00000000aa900000, 0x00000000d5580000)
  object space 697344K, 99% used [0x0000000080000000,0x00000000aa8f0288,0x00000000aa900000)
 Metaspace       used 89173K, committed 91008K, reserved 1179648K
  class space    used 9164K, committed 9984K, reserved 1048576K
}
Event: 989.397 GC heap before
{Heap before GC invocations=1906 (full 4):
 PSYoungGen      total 13824K, used 13344K [0x00000000d5580000, 0x00000000d6600000, 0x0000000100000000)
  eden space 12288K, 100% used [0x00000000d5580000,0x00000000d6180000,0x00000000d6180000)
  from space 1536K, 68% used [0x00000000d6200000,0x00000000d6308000,0x00000000d6380000)
  to   space 2048K, 0% used [0x00000000d6400000,0x00000000d6400000,0x00000000d6600000)
 ParOldGen       total 697344K, used 697280K [0x0000000080000000, 0x00000000aa900000, 0x00000000d5580000)
  object space 697344K, 99% used [0x0000000080000000,0x00000000aa8f0288,0x00000000aa900000)
 Metaspace       used 89179K, committed 91008K, reserved 1179648K
  class space    used 9165K, committed 9984K, reserved 1048576K
}
Event: 989.402 GC heap after
{Heap after GC invocations=1906 (full 4):
 PSYoungGen      total 13824K, used 1184K [0x00000000d5580000, 0x00000000d6580000, 0x0000000100000000)
  eden space 12288K, 0% used [0x00000000d5580000,0x00000000d5580000,0x00000000d6180000)
  from space 1536K, 77% used [0x00000000d6400000,0x00000000d6528000,0x00000000d6580000)
  to   space 1536K, 0% used [0x00000000d6200000,0x00000000d6200000,0x00000000d6380000)
 ParOldGen       total 698368K, used 698152K [0x0000000080000000, 0x00000000aaa00000, 0x00000000d5580000)
  object space 698368K, 99% used [0x0000000080000000,0x00000000aa9ca288,0x00000000aaa00000)
 Metaspace       used 89179K, committed 91008K, reserved 1179648K
  class space    used 9165K, committed 9984K, reserved 1048576K
}
Event: 989.532 GC heap before
{Heap before GC invocations=1907 (full 4):
 PSYoungGen      total 13824K, used 13472K [0x00000000d5580000, 0x00000000d6580000, 0x0000000100000000)
  eden space 12288K, 100% used [0x00000000d5580000,0x00000000d6180000,0x00000000d6180000)
  from space 1536K, 77% used [0x00000000d6400000,0x00000000d6528000,0x00000000d6580000)
  to   space 1536K, 0% used [0x00000000d6200000,0x00000000d6200000,0x00000000d6380000)
 ParOldGen       total 698368K, used 698152K [0x0000000080000000, 0x00000000aaa00000, 0x00000000d5580000)
  object space 698368K, 99% used [0x0000000080000000,0x00000000aa9ca288,0x00000000aaa00000)
 Metaspace       used 89179K, committed 91008K, reserved 1179648K
  class space    used 9165K, committed 9984K, reserved 1048576K
}
Event: 989.538 GC heap after
{Heap after GC invocations=1907 (full 4):
 PSYoungGen      total 13824K, used 752K [0x00000000d5580000, 0x00000000d6480000, 0x0000000100000000)
  eden space 12288K, 0% used [0x00000000d5580000,0x00000000d5580000,0x00000000d6180000)
  from space 1536K, 48% used [0x00000000d6200000,0x00000000d62bc010,0x00000000d6380000)
  to   space 1024K, 0% used [0x00000000d6380000,0x00000000d6380000,0x00000000d6480000)
 ParOldGen       total 698880K, used 698608K [0x0000000080000000, 0x00000000aaa80000, 0x00000000d5580000)
  object space 698880K, 99% used [0x0000000080000000,0x00000000aaa3c288,0x00000000aaa80000)
 Metaspace       used 89179K, committed 91008K, reserved 1179648K
  class space    used 9165K, committed 9984K, reserved 1048576K
}

