# JRE version: OpenJDK Runtime Environment Temurin-21.0.10+7 (21.0.10+7) (build 21.0.10+7-LTS)
# Java VM: OpenJDK 64-Bit Server VM Temurin-21.0.10+7 (21.0.10+7-LTS, mixed mode, sharing, tiered, compressed oops, compressed class ptrs, parallel gc, windows-amd64)
GC Precious Log:
 CardTable entry size: 512
 CPUs: 12 total, 12 available
 Memory: 24388M
 Large Page Support: Disabled
 NUMA Support: Disabled
 Compressed Oops: Enabled (32-bit)
 Alignments: Space 512K, Generation 512K, Heap 2M
 Heap Min Capacity: 100M
 Heap Initial Capacity: 100M
 Heap Max Capacity: 2G
 Pre-touch: Disabled
 Parallel Workers: 10
Heap:
 PSYoungGen      total 24064K, used 13371K [0x00000000d5580000, 0x00000000d7180000, 0x0000000100000000)
  eden space 22016K, 51% used [0x00000000d5580000,0x00000000d609ede0,0x00000000d6b00000)
  from space 2048K, 96% used [0x00000000d6f80000,0x00000000d7170010,0x00000000d7180000)
  to   space 3072K, 0% used [0x00000000d6b80000,0x00000000d6b80000,0x00000000d6e80000)
 ParOldGen       total 68608K, used 28164K [0x0000000080000000, 0x0000000084300000, 0x00000000d5580000)
  object space 68608K, 41% used [0x0000000080000000,0x0000000081b813e8,0x0000000084300000)
 Metaspace       used 42194K, committed 43328K, reserved 1114112K
  class space    used 4508K, committed 5056K, reserved 1048576K
GC Heap History (20 events):
Event: 6.563 GC heap before
{Heap before GC invocations=12 (full 1):
 PSYoungGen      total 25600K, used 25544K [0x00000000d5580000, 0x00000000d7380000, 0x0000000100000000)
  eden space 23040K, 100% used [0x00000000d5580000,0x00000000d6c00000,0x00000000d6c00000)
  from space 2560K, 97% used [0x00000000d7100000,0x00000000d73722b0,0x00000000d7380000)
  to   space 3072K, 0% used [0x00000000d6d80000,0x00000000d6d80000,0x00000000d7080000)
 ParOldGen       total 68608K, used 14526K [0x0000000080000000, 0x0000000084300000, 0x00000000d5580000)
  object space 68608K, 21% used [0x0000000080000000,0x0000000080e2f810,0x0000000084300000)
 Metaspace       used 28894K, committed 29888K, reserved 1114112K
  class space    used 2853K, committed 3264K, reserved 1048576K
}
Event: 6.567 GC heap after
{Heap after GC invocations=12 (full 1):
 PSYoungGen      total 23552K, used 960K [0x00000000d5580000, 0x00000000d7180000, 0x0000000100000000)
  eden space 22528K, 0% used [0x00000000d5580000,0x00000000d5580000,0x00000000d6b80000)
  from space 1024K, 93% used [0x00000000d6d80000,0x00000000d6e70000,0x00000000d6e80000)
  to   space 1536K, 0% used [0x00000000d7000000,0x00000000d7000000,0x00000000d7180000)
 ParOldGen       total 68608K, used 16808K [0x0000000080000000, 0x0000000084300000, 0x00000000d5580000)
  object space 68608K, 24% used [0x0000000080000000,0x000000008106a3b0,0x0000000084300000)
 Metaspace       used 28894K, committed 29888K, reserved 1114112K
  class space    used 2853K, committed 3264K, reserved 1048576K
}
Event: 6.862 GC heap before
{Heap before GC invocations=13 (full 1):
 PSYoungGen      total 23552K, used 23488K [0x00000000d5580000, 0x00000000d7180000, 0x0000000100000000)
  eden space 22528K, 100% used [0x00000000d5580000,0x00000000d6b80000,0x00000000d6b80000)
  from space 1024K, 93% used [0x00000000d6d80000,0x00000000d6e70000,0x00000000d6e80000)
  to   space 1536K, 0% used [0x00000000d7000000,0x00000000d7000000,0x00000000d7180000)
 ParOldGen       total 68608K, used 16808K [0x0000000080000000, 0x0000000084300000, 0x00000000d5580000)
  object space 68608K, 24% used [0x0000000080000000,0x000000008106a3b0,0x0000000084300000)
 Metaspace       used 31973K, committed 32960K, reserved 1114112K
  class space    used 3196K, committed 3648K, reserved 1048576K
}
Event: 6.865 GC heap after
{Heap after GC invocations=13 (full 1):
 PSYoungGen      total 23552K, used 1532K [0x00000000d5580000, 0x00000000d7180000, 0x0000000100000000)
  eden space 22016K, 0% used [0x00000000d5580000,0x00000000d5580000,0x00000000d6b00000)
  from space 1536K, 99% used [0x00000000d7000000,0x00000000d717f270,0x00000000d7180000)
  to   space 2560K, 0% used [0x00000000d6c80000,0x00000000d6c80000,0x00000000d6f00000)
 ParOldGen       total 68608K, used 17544K [0x0000000080000000, 0x0000000084300000, 0x00000000d5580000)
  object space 68608K, 25% used [0x0000000080000000,0x00000000811223f0,0x0000000084300000)
 Metaspace       used 31973K, committed 32960K, reserved 1114112K
  class space    used 3196K, committed 3648K, reserved 1048576K
}
Event: 7.214 GC heap before
{Heap before GC invocations=14 (full 1):
 PSYoungGen      total 23552K, used 23548K [0x00000000d5580000, 0x00000000d7180000, 0x0000000100000000)
  eden space 22016K, 100% used [0x00000000d5580000,0x00000000d6b00000,0x00000000d6b00000)
  from space 1536K, 99% used [0x00000000d7000000,0x00000000d717f270,0x00000000d7180000)
  to   space 2560K, 0% used [0x00000000d6c80000,0x00000000d6c80000,0x00000000d6f00000)
 ParOldGen       total 68608K, used 17544K [0x0000000080000000, 0x0000000084300000, 0x00000000d5580000)
  object space 68608K, 25% used [0x0000000080000000,0x00000000811223f0,0x0000000084300000)
 Metaspace       used 34425K, committed 35584K, reserved 1114112K
  class space    used 3535K, committed 4032K, reserved 1048576K
}
Event: 7.217 GC heap after
{Heap after GC invocations=14 (full 1):
 PSYoungGen      total 24064K, used 1543K [0x00000000d5580000, 0x00000000d7080000, 0x0000000100000000)
  eden space 22016K, 0% used [0x00000000d5580000,0x00000000d5580000,0x00000000d6b00000)
  from space 2048K, 75% used [0x00000000d6c80000,0x00000000d6e01d38,0x00000000d6e80000)
  to   space 2048K, 0% used [0x00000000d6e80000,0x00000000d6e80000,0x00000000d7080000)
 ParOldGen       total 68608K, used 18946K [0x0000000080000000, 0x0000000084300000, 0x00000000d5580000)
  object space 68608K, 27% used [0x0000000080000000,0x0000000081280938,0x0000000084300000)
 Metaspace       used 34425K, committed 35584K, reserved 1114112K
  class space    used 3535K, committed 4032K, reserved 1048576K
}
Event: 7.270 GC heap before
{Heap before GC invocations=15 (full 1):
 PSYoungGen      total 24064K, used 6328K [0x00000000d5580000, 0x00000000d7080000, 0x0000000100000000)
  eden space 22016K, 21% used [0x00000000d5580000,0x00000000d5a2c3d8,0x00000000d6b00000)
  from space 2048K, 75% used [0x00000000d6c80000,0x00000000d6e01d38,0x00000000d6e80000)
  to   space 2048K, 0% used [0x00000000d6e80000,0x00000000d6e80000,0x00000000d7080000)
 ParOldGen       total 68608K, used 18946K [0x0000000080000000, 0x0000000084300000, 0x00000000d5580000)
  object space 68608K, 27% used [0x0000000080000000,0x0000000081280938,0x0000000084300000)
 Metaspace       used 34757K, committed 35840K, reserved 1114112K
  class space    used 3576K, committed 4032K, reserved 1048576K
}
Event: 7.276 GC heap after
{Heap after GC invocations=15 (full 1):
 PSYoungGen      total 22528K, used 458K [0x00000000d5580000, 0x00000000d6f00000, 0x0000000100000000)
  eden space 22016K, 0% used [0x00000000d5580000,0x00000000d5580000,0x00000000d6b00000)
  from space 512K, 89% used [0x00000000d6e80000,0x00000000d6ef2b00,0x00000000d6f00000)
  to   space 1024K, 0% used [0x00000000d6d00000,0x00000000d6d00000,0x00000000d6e00000)
 ParOldGen       total 68608K, used 20133K [0x0000000080000000, 0x0000000084300000, 0x00000000d5580000)
  object space 68608K, 29% used [0x0000000080000000,0x00000000813a95b8,0x0000000084300000)
 Metaspace       used 34757K, committed 35840K, reserved 1114112K
  class space    used 3576K, committed 4032K, reserved 1048576K
}
Event: 7.276 GC heap before
{Heap before GC invocations=16 (full 2):
 PSYoungGen      total 22528K, used 458K [0x00000000d5580000, 0x00000000d6f00000, 0x0000000100000000)
  eden space 22016K, 0% used [0x00000000d5580000,0x00000000d5580000,0x00000000d6b00000)
  from space 512K, 89% used [0x00000000d6e80000,0x00000000d6ef2b00,0x00000000d6f00000)
  to   space 1024K, 0% used [0x00000000d6d00000,0x00000000d6d00000,0x00000000d6e00000)
 ParOldGen       total 68608K, used 20133K [0x0000000080000000, 0x0000000084300000, 0x00000000d5580000)
  object space 68608K, 29% used [0x0000000080000000,0x00000000813a95b8,0x0000000084300000)
 Metaspace       used 34757K, committed 35840K, reserved 1114112K
  class space    used 3576K, committed 4032K, reserved 1048576K
}
Event: 7.326 GC heap after
{Heap after GC invocations=16 (full 2):
 PSYoungGen      total 22528K, used 0K [0x00000000d5580000, 0x00000000d6f00000, 0x0000000100000000)
  eden space 22016K, 0% used [0x00000000d5580000,0x00000000d5580000,0x00000000d6b00000)
  from space 512K, 0% used [0x00000000d6e80000,0x00000000d6e80000,0x00000000d6f00000)
  to   space 1024K, 0% used [0x00000000d6d00000,0x00000000d6d00000,0x00000000d6e00000)
 ParOldGen       total 68608K, used 19454K [0x0000000080000000, 0x0000000084300000, 0x00000000d5580000)
  object space 68608K, 28% used [0x0000000080000000,0x00000000812ff918,0x0000000084300000)
 Metaspace       used 34757K, committed 35840K, reserved 1114112K
  class space    used 3576K, committed 4032K, reserved 1048576K
}
Event: 7.502 GC heap before
{Heap before GC invocations=17 (full 2):
 PSYoungGen      total 22528K, used 22016K [0x00000000d5580000, 0x00000000d6f00000, 0x0000000100000000)
  eden space 22016K, 100% used [0x00000000d5580000,0x00000000d6b00000,0x00000000d6b00000)
  from space 512K, 0% used [0x00000000d6e80000,0x00000000d6e80000,0x00000000d6f00000)
  to   space 1024K, 0% used [0x00000000d6d00000,0x00000000d6d00000,0x00000000d6e00000)
 ParOldGen       total 68608K, used 19454K [0x0000000080000000, 0x0000000084300000, 0x00000000d5580000)
  object space 68608K, 28% used [0x0000000080000000,0x00000000812ff918,0x0000000084300000)
 Metaspace       used 36578K, committed 37760K, reserved 1114112K
  class space    used 3804K, committed 4352K, reserved 1048576K
}
Event: 7.505 GC heap after
{Heap after GC invocations=17 (full 2):
 PSYoungGen      total 23040K, used 996K [0x00000000d5580000, 0x00000000d6f00000, 0x0000000100000000)
  eden space 22016K, 0% used [0x00000000d5580000,0x00000000d5580000,0x00000000d6b00000)
  from space 1024K, 97% used [0x00000000d6d00000,0x00000000d6df9330,0x00000000d6e00000)
  to   space 1024K, 0% used [0x00000000d6e00000,0x00000000d6e00000,0x00000000d6f00000)
 ParOldGen       total 68608K, used 20134K [0x0000000080000000, 0x0000000084300000, 0x00000000d5580000)
  object space 68608K, 29% used [0x0000000080000000,0x00000000813a98e8,0x0000000084300000)
 Metaspace       used 36578K, committed 37760K, reserved 1114112K
  class space    used 3804K, committed 4352K, reserved 1048576K
}
Event: 7.740 GC heap before
{Heap before GC invocations=18 (full 2):
 PSYoungGen      total 23040K, used 23012K [0x00000000d5580000, 0x00000000d6f00000, 0x0000000100000000)
  eden space 22016K, 100% used [0x00000000d5580000,0x00000000d6b00000,0x00000000d6b00000)
  from space 1024K, 97% used [0x00000000d6d00000,0x00000000d6df9330,0x00000000d6e00000)
  to   space 1024K, 0% used [0x00000000d6e00000,0x00000000d6e00000,0x00000000d6f00000)
 ParOldGen       total 68608K, used 20134K [0x0000000080000000, 0x0000000084300000, 0x00000000d5580000)
  object space 68608K, 29% used [0x0000000080000000,0x00000000813a98e8,0x0000000084300000)
 Metaspace       used 38410K, committed 39616K, reserved 1114112K
  class space    used 4029K, committed 4544K, reserved 1048576K
}
Event: 7.742 GC heap after
{Heap after GC invocations=18 (full 2):
 PSYoungGen      total 23040K, used 992K [0x00000000d5580000, 0x00000000d7100000, 0x0000000100000000)
  eden space 22016K, 0% used [0x00000000d5580000,0x00000000d5580000,0x00000000d6b00000)
  from space 1024K, 96% used [0x00000000d6e00000,0x00000000d6ef8020,0x00000000d6f00000)
  to   space 3072K, 0% used [0x00000000d6b00000,0x00000000d6b00000,0x00000000d6e00000)
 ParOldGen       total 68608K, used 21817K [0x0000000080000000, 0x0000000084300000, 0x00000000d5580000)
  object space 68608K, 31% used [0x0000000080000000,0x000000008154e798,0x0000000084300000)
 Metaspace       used 38410K, committed 39616K, reserved 1114112K
  class space    used 4029K, committed 4544K, reserved 1048576K
}
Event: 7.893 GC heap before
{Heap before GC invocations=19 (full 2):
 PSYoungGen      total 23040K, used 23008K [0x00000000d5580000, 0x00000000d7100000, 0x0000000100000000)
  eden space 22016K, 100% used [0x00000000d5580000,0x00000000d6b00000,0x00000000d6b00000)
  from space 1024K, 96% used [0x00000000d6e00000,0x00000000d6ef8020,0x00000000d6f00000)
  to   space 3072K, 0% used [0x00000000d6b00000,0x00000000d6b00000,0x00000000d6e00000)
 ParOldGen       total 68608K, used 21817K [0x0000000080000000, 0x0000000084300000, 0x00000000d5580000)
  object space 68608K, 31% used [0x0000000080000000,0x000000008154e798,0x0000000084300000)
 Metaspace       used 39226K, committed 40448K, reserved 1114112K
  class space    used 4137K, committed 4672K, reserved 1048576K
}
Event: 7.896 GC heap after
{Heap after GC invocations=19 (full 2):
 PSYoungGen      total 24064K, used 1632K [0x00000000d5580000, 0x00000000d6f00000, 0x0000000100000000)
  eden space 22016K, 0% used [0x00000000d5580000,0x00000000d5580000,0x00000000d6b00000)
  from space 2048K, 79% used [0x00000000d6b00000,0x00000000d6c98010,0x00000000d6d00000)
  to   space 2048K, 0% used [0x00000000d6d00000,0x00000000d6d00000,0x00000000d6f00000)
 ParOldGen       total 68608K, used 22803K [0x0000000080000000, 0x0000000084300000, 0x00000000d5580000)
  object space 68608K, 33% used [0x0000000080000000,0x0000000081644ec8,0x0000000084300000)
 Metaspace       used 39226K, committed 40448K, reserved 1114112K
  class space    used 4137K, committed 4672K, reserved 1048576K
}
Event: 8.026 GC heap before
{Heap before GC invocations=20 (full 2):
 PSYoungGen      total 24064K, used 23648K [0x00000000d5580000, 0x00000000d6f00000, 0x0000000100000000)
  eden space 22016K, 100% used [0x00000000d5580000,0x00000000d6b00000,0x00000000d6b00000)
  from space 2048K, 79% used [0x00000000d6b00000,0x00000000d6c98010,0x00000000d6d00000)
  to   space 2048K, 0% used [0x00000000d6d00000,0x00000000d6d00000,0x00000000d6f00000)
 ParOldGen       total 68608K, used 22803K [0x0000000080000000, 0x0000000084300000, 0x00000000d5580000)
  object space 68608K, 33% used [0x0000000080000000,0x0000000081644ec8,0x0000000084300000)
 Metaspace       used 40048K, committed 41280K, reserved 1114112K
  class space    used 4235K, committed 4800K, reserved 1048576K
}
Event: 8.028 GC heap after
{Heap after GC invocations=20 (full 2):
 PSYoungGen      total 24064K, used 1936K [0x00000000d5580000, 0x00000000d6f00000, 0x0000000100000000)
  eden space 22016K, 0% used [0x00000000d5580000,0x00000000d5580000,0x00000000d6b00000)
  from space 2048K, 94% used [0x00000000d6d00000,0x00000000d6ee4020,0x00000000d6f00000)
  to   space 2048K, 0% used [0x00000000d6b00000,0x00000000d6b00000,0x00000000d6d00000)
 ParOldGen       total 68608K, used 24243K [0x0000000080000000, 0x0000000084300000, 0x00000000d5580000)
  object space 68608K, 35% used [0x0000000080000000,0x00000000817acec8,0x0000000084300000)
 Metaspace       used 40048K, committed 41280K, reserved 1114112K
  class space    used 4235K, committed 4800K, reserved 1048576K
}
Event: 8.220 GC heap before
{Heap before GC invocations=21 (full 2):
 PSYoungGen      total 24064K, used 23952K [0x00000000d5580000, 0x00000000d6f00000, 0x0000000100000000)
  eden space 22016K, 100% used [0x00000000d5580000,0x00000000d6b00000,0x00000000d6b00000)
  from space 2048K, 94% used [0x00000000d6d00000,0x00000000d6ee4020,0x00000000d6f00000)
  to   space 2048K, 0% used [0x00000000d6b00000,0x00000000d6b00000,0x00000000d6d00000)
 ParOldGen       total 68608K, used 24243K [0x0000000080000000, 0x0000000084300000, 0x00000000d5580000)
  object space 68608K, 35% used [0x0000000080000000,0x00000000817acec8,0x0000000084300000)
 Metaspace       used 41520K, committed 42688K, reserved 1114112K
  class space    used 4428K, committed 4992K, reserved 1048576K
}
Event: 8.225 GC heap after
{Heap after GC invocations=21 (full 2):
 PSYoungGen      total 24064K, used 2018K [0x00000000d5580000, 0x00000000d7400000, 0x0000000100000000)
  eden space 22016K, 0% used [0x00000000d5580000,0x00000000d5580000,0x00000000d6b00000)
  from space 2048K, 98% used [0x00000000d6b00000,0x00000000d6cf8810,0x00000000d6d00000)
  to   space 4608K, 0% used [0x00000000d6f80000,0x00000000d6f80000,0x00000000d7400000)
 ParOldGen       total 68608K, used 26147K [0x0000000080000000, 0x0000000084300000, 0x00000000d5580000)
  object space 68608K, 38% used [0x0000000080000000,0x0000000081988ee8,0x0000000084300000)
 Metaspace       used 41520K, committed 42688K, reserved 1114112K
  class space    used 4428K, committed 4992K, reserved 1048576K
}

