# JRE version: OpenJDK Runtime Environment Temurin-21.0.10+7 (21.0.10+7) (build 21.0.10+7-LTS)
# Java VM: OpenJDK 64-Bit Server VM Temurin-21.0.10+7 (21.0.10+7-LTS, mixed mode, sharing, tiered, compressed oops, compressed class ptrs, parallel gc, windows-amd64)
GC Precious Log:
 CardTable entry size: 512
 CPUs: 16 total, 16 available
 Memory: 15789M
 Large Page Support: Disabled
 NUMA Support: Disabled
 Compressed Oops: Enabled (32-bit)
 Alignments: Space 512K, Generation 512K, Heap 2M
 Heap Min Capacity: 100M
 Heap Initial Capacity: 100M
 Heap Max Capacity: 2G
 Pre-touch: Disabled
 Parallel Workers: 13
Heap:
 PSYoungGen      total 9728K, used 2387K [0x00000000d5580000, 0x00000000d6100000, 0x0000000100000000)
  eden space 8192K, 17% used [0x00000000d5580000,0x00000000d56e4c10,0x00000000d5d80000)
  from space 1536K, 62% used [0x00000000d5e80000,0x00000000d5f70030,0x00000000d6000000)
  to   space 1024K, 0% used [0x00000000d6000000,0x00000000d6000000,0x00000000d6100000)
 ParOldGen       total 102400K, used 102247K [0x0000000080000000, 0x0000000086400000, 0x00000000d5580000)
  object space 102400K, 99% used [0x0000000080000000,0x00000000863d9d08,0x0000000086400000)
 Metaspace       used 70155K, committed 71680K, reserved 1114112K
  class space    used 7238K, committed 7936K, reserved 1048576K
GC Heap History (20 events):
Event: 12.747 GC heap before
{Heap before GC invocations=63 (full 3):
 PSYoungGen      total 10240K, used 10234K [0x00000000d5580000, 0x00000000d6480000, 0x0000000100000000)
  eden space 8192K, 100% used [0x00000000d5580000,0x00000000d5d80000,0x00000000d5d80000)
  from space 2048K, 99% used [0x00000000d5d80000,0x00000000d5f7eba8,0x00000000d5f80000)
  to   space 3584K, 0% used [0x00000000d6100000,0x00000000d6100000,0x00000000d6480000)
 ParOldGen       total 85504K, used 85383K [0x0000000080000000, 0x0000000085380000, 0x00000000d5580000)
  object space 85504K, 99% used [0x0000000080000000,0x0000000085361d00,0x0000000085380000)
 Metaspace       used 69650K, committed 71168K, reserved 1114112K
  class space    used 7223K, committed 7872K, reserved 1048576K
}
Event: 12.749 GC heap after
{Heap after GC invocations=63 (full 3):
 PSYoungGen      total 9728K, used 1193K [0x00000000d5580000, 0x00000000d6280000, 0x0000000100000000)
  eden space 8192K, 0% used [0x00000000d5580000,0x00000000d5580000,0x00000000d5d80000)
  from space 1536K, 77% used [0x00000000d6100000,0x00000000d622a668,0x00000000d6280000)
  to   space 2048K, 0% used [0x00000000d5e80000,0x00000000d5e80000,0x00000000d6080000)
 ParOldGen       total 87552K, used 87370K [0x0000000080000000, 0x0000000085580000, 0x00000000d5580000)
  object space 87552K, 99% used [0x0000000080000000,0x0000000085552b98,0x0000000085580000)
 Metaspace       used 69650K, committed 71168K, reserved 1114112K
  class space    used 7223K, committed 7872K, reserved 1048576K
}
Event: 12.896 GC heap before
{Heap before GC invocations=64 (full 3):
 PSYoungGen      total 9728K, used 9385K [0x00000000d5580000, 0x00000000d6280000, 0x0000000100000000)
  eden space 8192K, 100% used [0x00000000d5580000,0x00000000d5d80000,0x00000000d5d80000)
  from space 1536K, 77% used [0x00000000d6100000,0x00000000d622a668,0x00000000d6280000)
  to   space 2048K, 0% used [0x00000000d5e80000,0x00000000d5e80000,0x00000000d6080000)
 ParOldGen       total 87552K, used 87370K [0x0000000080000000, 0x0000000085580000, 0x00000000d5580000)
  object space 87552K, 99% used [0x0000000080000000,0x0000000085552b98,0x0000000085580000)
 Metaspace       used 69692K, committed 71232K, reserved 1114112K
  class space    used 7228K, committed 7872K, reserved 1048576K
}
Event: 12.898 GC heap after
{Heap after GC invocations=64 (full 3):
 PSYoungGen      total 10240K, used 2041K [0x00000000d5580000, 0x00000000d6580000, 0x0000000100000000)
  eden space 8192K, 0% used [0x00000000d5580000,0x00000000d5580000,0x00000000d5d80000)
  from space 2048K, 99% used [0x00000000d5e80000,0x00000000d607e6b0,0x00000000d6080000)
  to   space 4096K, 0% used [0x00000000d6180000,0x00000000d6180000,0x00000000d6580000)
 ParOldGen       total 89088K, used 88646K [0x0000000080000000, 0x0000000085700000, 0x00000000d5580000)
  object space 89088K, 99% used [0x0000000080000000,0x0000000085691ae0,0x0000000085700000)
 Metaspace       used 69692K, committed 71232K, reserved 1114112K
  class space    used 7228K, committed 7872K, reserved 1048576K
}
Event: 13.008 GC heap before
{Heap before GC invocations=65 (full 3):
 PSYoungGen      total 10240K, used 10233K [0x00000000d5580000, 0x00000000d6580000, 0x0000000100000000)
  eden space 8192K, 100% used [0x00000000d5580000,0x00000000d5d80000,0x00000000d5d80000)
  from space 2048K, 99% used [0x00000000d5e80000,0x00000000d607e6b0,0x00000000d6080000)
  to   space 4096K, 0% used [0x00000000d6180000,0x00000000d6180000,0x00000000d6580000)
 ParOldGen       total 89088K, used 88646K [0x0000000080000000, 0x0000000085700000, 0x00000000d5580000)
  object space 89088K, 99% used [0x0000000080000000,0x0000000085691ae0,0x0000000085700000)
 Metaspace       used 69724K, committed 71232K, reserved 1114112K
  class space    used 7228K, committed 7872K, reserved 1048576K
}
Event: 13.011 GC heap after
{Heap after GC invocations=65 (full 3):
 PSYoungGen      total 9216K, used 672K [0x00000000d5580000, 0x00000000d6280000, 0x0000000100000000)
  eden space 8192K, 0% used [0x00000000d5580000,0x00000000d5580000,0x00000000d5d80000)
  from space 1024K, 65% used [0x00000000d6180000,0x00000000d6228000,0x00000000d6280000)
  to   space 2048K, 0% used [0x00000000d5e80000,0x00000000d5e80000,0x00000000d6080000)
 ParOldGen       total 91136K, used 90700K [0x0000000080000000, 0x0000000085900000, 0x00000000d5580000)
  object space 91136K, 99% used [0x0000000080000000,0x0000000085893358,0x0000000085900000)
 Metaspace       used 69724K, committed 71232K, reserved 1114112K
  class space    used 7228K, committed 7872K, reserved 1048576K
}
Event: 13.179 GC heap before
{Heap before GC invocations=66 (full 3):
 PSYoungGen      total 9216K, used 8864K [0x00000000d5580000, 0x00000000d6280000, 0x0000000100000000)
  eden space 8192K, 100% used [0x00000000d5580000,0x00000000d5d80000,0x00000000d5d80000)
  from space 1024K, 65% used [0x00000000d6180000,0x00000000d6228000,0x00000000d6280000)
  to   space 2048K, 0% used [0x00000000d5e80000,0x00000000d5e80000,0x00000000d6080000)
 ParOldGen       total 91136K, used 90700K [0x0000000080000000, 0x0000000085900000, 0x00000000d5580000)
  object space 91136K, 99% used [0x0000000080000000,0x0000000085893358,0x0000000085900000)
 Metaspace       used 69743K, committed 71232K, reserved 1114112K
  class space    used 7229K, committed 7872K, reserved 1048576K
}
Event: 13.181 GC heap after
{Heap after GC invocations=66 (full 3):
 PSYoungGen      total 10240K, used 2023K [0x00000000d5580000, 0x00000000d6480000, 0x0000000100000000)
  eden space 8192K, 0% used [0x00000000d5580000,0x00000000d5580000,0x00000000d5d80000)
  from space 2048K, 98% used [0x00000000d5e80000,0x00000000d6079dc8,0x00000000d6080000)
  to   space 3584K, 0% used [0x00000000d6100000,0x00000000d6100000,0x00000000d6480000)
 ParOldGen       total 91648K, used 91485K [0x0000000080000000, 0x0000000085980000, 0x00000000d5580000)
  object space 91648K, 99% used [0x0000000080000000,0x0000000085957770,0x0000000085980000)
 Metaspace       used 69743K, committed 71232K, reserved 1114112K
  class space    used 7229K, committed 7872K, reserved 1048576K
}
Event: 13.304 GC heap before
{Heap before GC invocations=67 (full 3):
 PSYoungGen      total 10240K, used 10215K [0x00000000d5580000, 0x00000000d6480000, 0x0000000100000000)
  eden space 8192K, 100% used [0x00000000d5580000,0x00000000d5d80000,0x00000000d5d80000)
  from space 2048K, 98% used [0x00000000d5e80000,0x00000000d6079dc8,0x00000000d6080000)
  to   space 3584K, 0% used [0x00000000d6100000,0x00000000d6100000,0x00000000d6480000)
 ParOldGen       total 91648K, used 91485K [0x0000000080000000, 0x0000000085980000, 0x00000000d5580000)
  object space 91648K, 99% used [0x0000000080000000,0x0000000085957770,0x0000000085980000)
 Metaspace       used 69764K, committed 71296K, reserved 1114112K
  class space    used 7230K, committed 7872K, reserved 1048576K
}
Event: 13.307 GC heap after
{Heap after GC invocations=67 (full 3):
 PSYoungGen      total 11264K, used 2586K [0x00000000d5580000, 0x00000000d6400000, 0x0000000100000000)
  eden space 8192K, 0% used [0x00000000d5580000,0x00000000d5580000,0x00000000d5d80000)
  from space 3072K, 84% used [0x00000000d6100000,0x00000000d6386b30,0x00000000d6400000)
  to   space 3072K, 0% used [0x00000000d5e00000,0x00000000d5e00000,0x00000000d6100000)
 ParOldGen       total 93696K, used 93480K [0x0000000080000000, 0x0000000085b80000, 0x00000000d5580000)
  object space 93696K, 99% used [0x0000000080000000,0x0000000085b4a1a8,0x0000000085b80000)
 Metaspace       used 69764K, committed 71296K, reserved 1114112K
  class space    used 7230K, committed 7872K, reserved 1048576K
}
Event: 13.372 GC heap before
{Heap before GC invocations=68 (full 3):
 PSYoungGen      total 11264K, used 10778K [0x00000000d5580000, 0x00000000d6400000, 0x0000000100000000)
  eden space 8192K, 100% used [0x00000000d5580000,0x00000000d5d80000,0x00000000d5d80000)
  from space 3072K, 84% used [0x00000000d6100000,0x00000000d6386b30,0x00000000d6400000)
  to   space 3072K, 0% used [0x00000000d5e00000,0x00000000d5e00000,0x00000000d6100000)
 ParOldGen       total 93696K, used 93480K [0x0000000080000000, 0x0000000085b80000, 0x00000000d5580000)
  object space 93696K, 99% used [0x0000000080000000,0x0000000085b4a1a8,0x0000000085b80000)
 Metaspace       used 69794K, committed 71360K, reserved 1114112K
  class space    used 7233K, committed 7936K, reserved 1048576K
}
Event: 13.375 GC heap after
{Heap after GC invocations=68 (full 3):
 PSYoungGen      total 11264K, used 2560K [0x00000000d5580000, 0x00000000d6380000, 0x0000000100000000)
  eden space 8192K, 0% used [0x00000000d5580000,0x00000000d5580000,0x00000000d5d80000)
  from space 3072K, 83% used [0x00000000d5e00000,0x00000000d6080020,0x00000000d6100000)
  to   space 2560K, 0% used [0x00000000d6100000,0x00000000d6100000,0x00000000d6380000)
 ParOldGen       total 95744K, used 95731K [0x0000000080000000, 0x0000000085d80000, 0x00000000d5580000)
  object space 95744K, 99% used [0x0000000080000000,0x0000000085d7ccb8,0x0000000085d80000)
 Metaspace       used 69794K, committed 71360K, reserved 1114112K
  class space    used 7233K, committed 7936K, reserved 1048576K
}
Event: 13.466 GC heap before
{Heap before GC invocations=69 (full 3):
 PSYoungGen      total 11264K, used 10752K [0x00000000d5580000, 0x00000000d6380000, 0x0000000100000000)
  eden space 8192K, 100% used [0x00000000d5580000,0x00000000d5d80000,0x00000000d5d80000)
  from space 3072K, 83% used [0x00000000d5e00000,0x00000000d6080020,0x00000000d6100000)
  to   space 2560K, 0% used [0x00000000d6100000,0x00000000d6100000,0x00000000d6380000)
 ParOldGen       total 95744K, used 95731K [0x0000000080000000, 0x0000000085d80000, 0x00000000d5580000)
  object space 95744K, 99% used [0x0000000080000000,0x0000000085d7ccb8,0x0000000085d80000)
 Metaspace       used 69854K, committed 71424K, reserved 1114112K
  class space    used 7233K, committed 7936K, reserved 1048576K
}
Event: 13.469 GC heap after
{Heap after GC invocations=69 (full 3):
 PSYoungGen      total 10240K, used 1962K [0x00000000d5580000, 0x00000000d6300000, 0x0000000100000000)
  eden space 8192K, 0% used [0x00000000d5580000,0x00000000d5580000,0x00000000d5d80000)
  from space 2048K, 95% used [0x00000000d6100000,0x00000000d62eaba8,0x00000000d6300000)
  to   space 2560K, 0% used [0x00000000d5e00000,0x00000000d5e00000,0x00000000d6080000)
 ParOldGen       total 98304K, used 98002K [0x0000000080000000, 0x0000000086000000, 0x00000000d5580000)
  object space 98304K, 99% used [0x0000000080000000,0x0000000085fb48a8,0x0000000086000000)
 Metaspace       used 69854K, committed 71424K, reserved 1114112K
  class space    used 7233K, committed 7936K, reserved 1048576K
}
Event: 13.530 GC heap before
{Heap before GC invocations=70 (full 3):
 PSYoungGen      total 10240K, used 10154K [0x00000000d5580000, 0x00000000d6300000, 0x0000000100000000)
  eden space 8192K, 100% used [0x00000000d5580000,0x00000000d5d80000,0x00000000d5d80000)
  from space 2048K, 95% used [0x00000000d6100000,0x00000000d62eaba8,0x00000000d6300000)
  to   space 2560K, 0% used [0x00000000d5e00000,0x00000000d5e00000,0x00000000d6080000)
 ParOldGen       total 98304K, used 98002K [0x0000000080000000, 0x0000000086000000, 0x00000000d5580000)
  object space 98304K, 99% used [0x0000000080000000,0x0000000085fb48a8,0x0000000086000000)
 Metaspace       used 69868K, committed 71424K, reserved 1114112K
  class space    used 7234K, committed 7936K, reserved 1048576K
}
Event: 13.533 GC heap after
{Heap after GC invocations=70 (full 3):
 PSYoungGen      total 10752K, used 2298K [0x00000000d5580000, 0x00000000d6280000, 0x0000000100000000)
  eden space 8192K, 0% used [0x00000000d5580000,0x00000000d5580000,0x00000000d5d80000)
  from space 2560K, 89% used [0x00000000d5e00000,0x00000000d603eba8,0x00000000d6080000)
  to   space 2048K, 0% used [0x00000000d6080000,0x00000000d6080000,0x00000000d6280000)
 ParOldGen       total 99840K, used 99692K [0x0000000080000000, 0x0000000086180000, 0x00000000d5580000)
  object space 99840K, 99% used [0x0000000080000000,0x000000008615b368,0x0000000086180000)
 Metaspace       used 69868K, committed 71424K, reserved 1114112K
  class space    used 7234K, committed 7936K, reserved 1048576K
}
Event: 13.605 GC heap before
{Heap before GC invocations=71 (full 3):
 PSYoungGen      total 10752K, used 10490K [0x00000000d5580000, 0x00000000d6280000, 0x0000000100000000)
  eden space 8192K, 100% used [0x00000000d5580000,0x00000000d5d80000,0x00000000d5d80000)
  from space 2560K, 89% used [0x00000000d5e00000,0x00000000d603eba8,0x00000000d6080000)
  to   space 2048K, 0% used [0x00000000d6080000,0x00000000d6080000,0x00000000d6280000)
 ParOldGen       total 99840K, used 99692K [0x0000000080000000, 0x0000000086180000, 0x00000000d5580000)
  object space 99840K, 99% used [0x0000000080000000,0x000000008615b368,0x0000000086180000)
 Metaspace       used 69939K, committed 71488K, reserved 1114112K
  class space    used 7235K, committed 7936K, reserved 1048576K
}
Event: 13.608 GC heap after
{Heap after GC invocations=71 (full 3):
 PSYoungGen      total 9216K, used 826K [0x00000000d5580000, 0x00000000d6180000, 0x0000000100000000)
  eden space 8192K, 0% used [0x00000000d5580000,0x00000000d5580000,0x00000000d5d80000)
  from space 1024K, 80% used [0x00000000d6080000,0x00000000d614eb88,0x00000000d6180000)
  to   space 1536K, 0% used [0x00000000d5e80000,0x00000000d5e80000,0x00000000d6000000)
 ParOldGen       total 101888K, used 101765K [0x0000000080000000, 0x0000000086380000, 0x00000000d5580000)
  object space 101888K, 99% used [0x0000000080000000,0x00000000863614c8,0x0000000086380000)
 Metaspace       used 69939K, committed 71488K, reserved 1114112K
  class space    used 7235K, committed 7936K, reserved 1048576K
}
Event: 31.401 GC heap before
{Heap before GC invocations=72 (full 3):
 PSYoungGen      total 9216K, used 9018K [0x00000000d5580000, 0x00000000d6180000, 0x0000000100000000)
  eden space 8192K, 100% used [0x00000000d5580000,0x00000000d5d80000,0x00000000d5d80000)
  from space 1024K, 80% used [0x00000000d6080000,0x00000000d614eb88,0x00000000d6180000)
  to   space 1536K, 0% used [0x00000000d5e80000,0x00000000d5e80000,0x00000000d6000000)
 ParOldGen       total 101888K, used 101765K [0x0000000080000000, 0x0000000086380000, 0x00000000d5580000)
  object space 101888K, 99% used [0x0000000080000000,0x00000000863614c8,0x0000000086380000)
 Metaspace       used 70117K, committed 71680K, reserved 1114112K
  class space    used 7236K, committed 7936K, reserved 1048576K
}
Event: 31.402 GC heap after
{Heap after GC invocations=72 (full 3):
 PSYoungGen      total 9728K, used 960K [0x00000000d5580000, 0x00000000d6100000, 0x0000000100000000)
  eden space 8192K, 0% used [0x00000000d5580000,0x00000000d5580000,0x00000000d5d80000)
  from space 1536K, 62% used [0x00000000d5e80000,0x00000000d5f70030,0x00000000d6000000)
  to   space 1024K, 0% used [0x00000000d6000000,0x00000000d6000000,0x00000000d6100000)
 ParOldGen       total 102400K, used 102247K [0x0000000080000000, 0x0000000086400000, 0x00000000d5580000)
  object space 102400K, 99% used [0x0000000080000000,0x00000000863d9d08,0x0000000086400000)
 Metaspace       used 70117K, committed 71680K, reserved 1114112K
  class space    used 7236K, committed 7936K, reserved 1048576K
}

