# JRE version: OpenJDK Runtime Environment Temurin-21.0.10+7 (21.0.10+7) (build 21.0.10+7-LTS)
# Java VM: OpenJDK 64-Bit Server VM Temurin-21.0.10+7 (21.0.10+7-LTS, mixed mode, sharing, tiered, compressed oops, compressed class ptrs, parallel gc, windows-amd64)
GC Precious Log:
 CardTable entry size: 512
 CPUs: 16 total, 16 available
 Memory: 15789M
 Large Page Support: Disabled
 NUMA Support: Disabled
 Compressed Oops: Enabled (32-bit)
 Alignments: Space 512K, Generation 512K, Heap 2M
 Heap Min Capacity: 100M
 Heap Initial Capacity: 100M
 Heap Max Capacity: 2G
 Pre-touch: Disabled
 Parallel Workers: 13
Heap:
 PSYoungGen      total 9728K, used 8377K [0x00000000d5580000, 0x00000000d6480000, 0x0000000100000000)
  eden space 5120K, 82% used [0x00000000d5580000,0x00000000d59a6028,0x00000000d5a80000)
  from space 4608K, 89% used [0x00000000d6000000,0x00000000d64086e0,0x00000000d6480000)
  to   space 4608K, 0% used [0x00000000d5b80000,0x00000000d5b80000,0x00000000d6000000)
 ParOldGen       total 1238528K, used 1238234K [0x0000000080000000, 0x00000000cb980000, 0x00000000d5580000)
  object space 1238528K, 99% used [0x0000000080000000,0x00000000cb936810,0x00000000cb980000)
 Metaspace       used 80162K, committed 81728K, reserved 1179648K
  class space    used 7805K, committed 8512K, reserved 1048576K
GC Heap History (20 events):
Event: 99983.331 GC heap before
{Heap before GC invocations=4822 (full 6):
 PSYoungGen      total 6144K, used 6144K [0x00000000d5580000, 0x00000000d5e80000, 0x0000000100000000)
  eden space 5120K, 100% used [0x00000000d5580000,0x00000000d5a80000,0x00000000d5a80000)
  from space 1024K, 100% used [0x00000000d5d80000,0x00000000d5e80000,0x00000000d5e80000)
  to   space 1536K, 0% used [0x00000000d5b80000,0x00000000d5b80000,0x00000000d5d00000)
 ParOldGen       total 1226240K, used 1225916K [0x0000000080000000, 0x00000000cad80000, 0x00000000d5580000)
  object space 1226240K, 99% used [0x0000000080000000,0x00000000cad2f268,0x00000000cad80000)
 Metaspace       used 80162K, committed 81728K, reserved 1179648K
  class space    used 7805K, committed 8512K, reserved 1048576K
}
Event: 99983.335 GC heap after
{Heap after GC invocations=4822 (full 6):
 PSYoungGen      total 6656K, used 1505K [0x00000000d5580000, 0x00000000d6580000, 0x0000000100000000)
  eden space 5120K, 0% used [0x00000000d5580000,0x00000000d5580000,0x00000000d5a80000)
  from space 1536K, 98% used [0x00000000d5b80000,0x00000000d5cf86e0,0x00000000d5d00000)
  to   space 5632K, 0% used [0x00000000d6000000,0x00000000d6000000,0x00000000d6580000)
 ParOldGen       total 1229312K, used 1229255K [0x0000000080000000, 0x00000000cb080000, 0x00000000d5580000)
  object space 1229312K, 99% used [0x0000000080000000,0x00000000cb071d48,0x00000000cb080000)
 Metaspace       used 80162K, committed 81728K, reserved 1179648K
  class space    used 7805K, committed 8512K, reserved 1048576K
}
Event: 99983.349 GC heap before
{Heap before GC invocations=4823 (full 6):
 PSYoungGen      total 6656K, used 6625K [0x00000000d5580000, 0x00000000d6580000, 0x0000000100000000)
  eden space 5120K, 100% used [0x00000000d5580000,0x00000000d5a80000,0x00000000d5a80000)
  from space 1536K, 98% used [0x00000000d5b80000,0x00000000d5cf86e0,0x00000000d5d00000)
  to   space 5632K, 0% used [0x00000000d6000000,0x00000000d6000000,0x00000000d6580000)
 ParOldGen       total 1229312K, used 1229255K [0x0000000080000000, 0x00000000cb080000, 0x00000000d5580000)
  object space 1229312K, 99% used [0x0000000080000000,0x00000000cb071d48,0x00000000cb080000)
 Metaspace       used 80162K, committed 81728K, reserved 1179648K
  class space    used 7805K, committed 8512K, reserved 1048576K
}
Event: 99983.354 GC heap after
{Heap after GC invocations=4823 (full 6):
 PSYoungGen      total 9216K, used 3841K [0x00000000d5580000, 0x00000000d6400000, 0x0000000100000000)
  eden space 5120K, 0% used [0x00000000d5580000,0x00000000d5580000,0x00000000d5a80000)
  from space 4096K, 93% used [0x00000000d6000000,0x00000000d63c06e0,0x00000000d6400000)
  to   space 4608K, 0% used [0x00000000d5b00000,0x00000000d5b00000,0x00000000d5f80000)
 ParOldGen       total 1229824K, used 1229506K [0x0000000080000000, 0x00000000cb100000, 0x00000000d5580000)
  object space 1229824K, 99% used [0x0000000080000000,0x00000000cb0b0a28,0x00000000cb100000)
 Metaspace       used 80162K, committed 81728K, reserved 1179648K
  class space    used 7805K, committed 8512K, reserved 1048576K
}
Event: 99983.379 GC heap before
{Heap before GC invocations=4824 (full 6):
 PSYoungGen      total 9216K, used 8961K [0x00000000d5580000, 0x00000000d6400000, 0x0000000100000000)
  eden space 5120K, 100% used [0x00000000d5580000,0x00000000d5a80000,0x00000000d5a80000)
  from space 4096K, 93% used [0x00000000d6000000,0x00000000d63c06e0,0x00000000d6400000)
  to   space 4608K, 0% used [0x00000000d5b00000,0x00000000d5b00000,0x00000000d5f80000)
 ParOldGen       total 1229824K, used 1229506K [0x0000000080000000, 0x00000000cb100000, 0x00000000d5580000)
  object space 1229824K, 99% used [0x0000000080000000,0x00000000cb0b0a28,0x00000000cb100000)
 Metaspace       used 80162K, committed 81728K, reserved 1179648K
  class space    used 7805K, committed 8512K, reserved 1048576K
}
Event: 99983.381 GC heap after
{Heap after GC invocations=4824 (full 6):
 PSYoungGen      total 6656K, used 1522K [0x00000000d5580000, 0x00000000d6080000, 0x0000000100000000)
  eden space 5120K, 0% used [0x00000000d5580000,0x00000000d5580000,0x00000000d5a80000)
  from space 1536K, 99% used [0x00000000d5b00000,0x00000000d5c7c978,0x00000000d5c80000)
  to   space 2560K, 0% used [0x00000000d5e00000,0x00000000d5e00000,0x00000000d6080000)
 ParOldGen       total 1229824K, used 1229570K [0x0000000080000000, 0x00000000cb100000, 0x00000000d5580000)
  object space 1229824K, 99% used [0x0000000080000000,0x00000000cb0c0a28,0x00000000cb100000)
 Metaspace       used 80162K, committed 81728K, reserved 1179648K
  class space    used 7805K, committed 8512K, reserved 1048576K
}
Event: 99983.403 GC heap before
{Heap before GC invocations=4825 (full 6):
 PSYoungGen      total 6656K, used 6642K [0x00000000d5580000, 0x00000000d6080000, 0x0000000100000000)
  eden space 5120K, 100% used [0x00000000d5580000,0x00000000d5a80000,0x00000000d5a80000)
  from space 1536K, 99% used [0x00000000d5b00000,0x00000000d5c7c978,0x00000000d5c80000)
  to   space 2560K, 0% used [0x00000000d5e00000,0x00000000d5e00000,0x00000000d6080000)
 ParOldGen       total 1229824K, used 1229570K [0x0000000080000000, 0x00000000cb100000, 0x00000000d5580000)
  object space 1229824K, 99% used [0x0000000080000000,0x00000000cb0c0a28,0x00000000cb100000)
 Metaspace       used 80162K, committed 81728K, reserved 1179648K
  class space    used 7805K, committed 8512K, reserved 1048576K
}
Event: 99983.406 GC heap after
{Heap after GC invocations=4825 (full 6):
 PSYoungGen      total 6144K, used 705K [0x00000000d5580000, 0x00000000d5f00000, 0x0000000100000000)
  eden space 5120K, 0% used [0x00000000d5580000,0x00000000d5580000,0x00000000d5a80000)
  from space 1024K, 68% used [0x00000000d5e00000,0x00000000d5eb06e0,0x00000000d5f00000)
  to   space 1536K, 0% used [0x00000000d5c00000,0x00000000d5c00000,0x00000000d5d80000)
 ParOldGen       total 1230336K, used 1230268K [0x0000000080000000, 0x00000000cb180000, 0x00000000d5580000)
  object space 1230336K, 99% used [0x0000000080000000,0x00000000cb16f3b0,0x00000000cb180000)
 Metaspace       used 80162K, committed 81728K, reserved 1179648K
  class space    used 7805K, committed 8512K, reserved 1048576K
}
Event: 99983.425 GC heap before
{Heap before GC invocations=4826 (full 6):
 PSYoungGen      total 6144K, used 5816K [0x00000000d5580000, 0x00000000d5f00000, 0x0000000100000000)
  eden space 5120K, 99% used [0x00000000d5580000,0x00000000d5a7da38,0x00000000d5a80000)
  from space 1024K, 68% used [0x00000000d5e00000,0x00000000d5eb06e0,0x00000000d5f00000)
  to   space 1536K, 0% used [0x00000000d5c00000,0x00000000d5c00000,0x00000000d5d80000)
 ParOldGen       total 1230336K, used 1230268K [0x0000000080000000, 0x00000000cb180000, 0x00000000d5580000)
  object space 1230336K, 99% used [0x0000000080000000,0x00000000cb16f3b0,0x00000000cb180000)
 Metaspace       used 80162K, committed 81728K, reserved 1179648K
  class space    used 7805K, committed 8512K, reserved 1048576K
}
Event: 99983.427 GC heap after
{Heap after GC invocations=4826 (full 6):
 PSYoungGen      total 6656K, used 317K [0x00000000d5580000, 0x00000000d5e80000, 0x0000000100000000)
  eden space 5120K, 0% used [0x00000000d5580000,0x00000000d5580000,0x00000000d5a80000)
  from space 1536K, 20% used [0x00000000d5c00000,0x00000000d5c4f5d0,0x00000000d5d80000)
  to   space 1024K, 0% used [0x00000000d5d80000,0x00000000d5d80000,0x00000000d5e80000)
 ParOldGen       total 1230336K, used 1230316K [0x0000000080000000, 0x00000000cb180000, 0x00000000d5580000)
  object space 1230336K, 99% used [0x0000000080000000,0x00000000cb17b3b0,0x00000000cb180000)
 Metaspace       used 80162K, committed 81728K, reserved 1179648K
  class space    used 7805K, committed 8512K, reserved 1048576K
}
Event: 99983.445 GC heap before
{Heap before GC invocations=4827 (full 6):
 PSYoungGen      total 6656K, used 5437K [0x00000000d5580000, 0x00000000d5e80000, 0x0000000100000000)
  eden space 5120K, 100% used [0x00000000d5580000,0x00000000d5a80000,0x00000000d5a80000)
  from space 1536K, 20% used [0x00000000d5c00000,0x00000000d5c4f5d0,0x00000000d5d80000)
  to   space 1024K, 0% used [0x00000000d5d80000,0x00000000d5d80000,0x00000000d5e80000)
 ParOldGen       total 1230336K, used 1230316K [0x0000000080000000, 0x00000000cb180000, 0x00000000d5580000)
  object space 1230336K, 99% used [0x0000000080000000,0x00000000cb17b3b0,0x00000000cb180000)
 Metaspace       used 80162K, committed 81728K, reserved 1179648K
  class space    used 7805K, committed 8512K, reserved 1048576K
}
Event: 99983.448 GC heap after
{Heap after GC invocations=4827 (full 6):
 PSYoungGen      total 6144K, used 1002K [0x00000000d5580000, 0x00000000d5e80000, 0x0000000100000000)
  eden space 5120K, 0% used [0x00000000d5580000,0x00000000d5580000,0x00000000d5a80000)
  from space 1024K, 97% used [0x00000000d5d80000,0x00000000d5e7ab98,0x00000000d5e80000)
  to   space 2048K, 0% used [0x00000000d5a80000,0x00000000d5a80000,0x00000000d5c80000)
 ParOldGen       total 1231360K, used 1231068K [0x0000000080000000, 0x00000000cb280000, 0x00000000d5580000)
  object space 1231360K, 99% used [0x0000000080000000,0x00000000cb2373d0,0x00000000cb280000)
 Metaspace       used 80162K, committed 81728K, reserved 1179648K
  class space    used 7805K, committed 8512K, reserved 1048576K
}
Event: 99983.473 GC heap before
{Heap before GC invocations=4828 (full 6):
 PSYoungGen      total 6144K, used 6122K [0x00000000d5580000, 0x00000000d5e80000, 0x0000000100000000)
  eden space 5120K, 99% used [0x00000000d5580000,0x00000000d5a7fff8,0x00000000d5a80000)
  from space 1024K, 97% used [0x00000000d5d80000,0x00000000d5e7ab98,0x00000000d5e80000)
  to   space 2048K, 0% used [0x00000000d5a80000,0x00000000d5a80000,0x00000000d5c80000)
 ParOldGen       total 1231360K, used 1231068K [0x0000000080000000, 0x00000000cb280000, 0x00000000d5580000)
  object space 1231360K, 99% used [0x0000000080000000,0x00000000cb2373d0,0x00000000cb280000)
 Metaspace       used 80162K, committed 81728K, reserved 1179648K
  class space    used 7805K, committed 8512K, reserved 1048576K
}
Event: 99983.476 GC heap after
{Heap after GC invocations=4828 (full 6):
 PSYoungGen      total 7168K, used 1824K [0x00000000d5580000, 0x00000000d5e80000, 0x0000000100000000)
  eden space 5120K, 0% used [0x00000000d5580000,0x00000000d5580000,0x00000000d5a80000)
  from space 2048K, 89% used [0x00000000d5a80000,0x00000000d5c48010,0x00000000d5c80000)
  to   space 2048K, 0% used [0x00000000d5c80000,0x00000000d5c80000,0x00000000d5e80000)
 ParOldGen       total 1232384K, used 1232195K [0x0000000080000000, 0x00000000cb380000, 0x00000000d5580000)
  object space 1232384K, 99% used [0x0000000080000000,0x00000000cb350fd0,0x00000000cb380000)
 Metaspace       used 80162K, committed 81728K, reserved 1179648K
  class space    used 7805K, committed 8512K, reserved 1048576K
}
Event: 99983.565 GC heap before
{Heap before GC invocations=4829 (full 6):
 PSYoungGen      total 7168K, used 6903K [0x00000000d5580000, 0x00000000d5e80000, 0x0000000100000000)
  eden space 5120K, 99% used [0x00000000d5580000,0x00000000d5a75fd0,0x00000000d5a80000)
  from space 2048K, 89% used [0x00000000d5a80000,0x00000000d5c48010,0x00000000d5c80000)
  to   space 2048K, 0% used [0x00000000d5c80000,0x00000000d5c80000,0x00000000d5e80000)
 ParOldGen       total 1232384K, used 1232195K [0x0000000080000000, 0x00000000cb380000, 0x00000000d5580000)
  object space 1232384K, 99% used [0x0000000080000000,0x00000000cb350fd0,0x00000000cb380000)
 Metaspace       used 80162K, committed 81728K, reserved 1179648K
  class space    used 7805K, committed 8512K, reserved 1048576K
}
Event: 99983.568 GC heap after
{Heap after GC invocations=4829 (full 6):
 PSYoungGen      total 6656K, used 1120K [0x00000000d5580000, 0x00000000d5e00000, 0x0000000100000000)
  eden space 5120K, 0% used [0x00000000d5580000,0x00000000d5580000,0x00000000d5a80000)
  from space 1536K, 72% used [0x00000000d5c80000,0x00000000d5d98010,0x00000000d5e00000)
  to   space 1536K, 0% used [0x00000000d5b00000,0x00000000d5b00000,0x00000000d5c80000)
 ParOldGen       total 1233920K, used 1233651K [0x0000000080000000, 0x00000000cb500000, 0x00000000d5580000)
  object space 1233920K, 99% used [0x0000000080000000,0x00000000cb4bcc80,0x00000000cb500000)
 Metaspace       used 80162K, committed 81728K, reserved 1179648K
  class space    used 7805K, committed 8512K, reserved 1048576K
}
Event: 99983.584 GC heap before
{Heap before GC invocations=4830 (full 6):
 PSYoungGen      total 6656K, used 6240K [0x00000000d5580000, 0x00000000d5e00000, 0x0000000100000000)
  eden space 5120K, 100% used [0x00000000d5580000,0x00000000d5a80000,0x00000000d5a80000)
  from space 1536K, 72% used [0x00000000d5c80000,0x00000000d5d98010,0x00000000d5e00000)
  to   space 1536K, 0% used [0x00000000d5b00000,0x00000000d5b00000,0x00000000d5c80000)
 ParOldGen       total 1233920K, used 1233651K [0x0000000080000000, 0x00000000cb500000, 0x00000000d5580000)
  object space 1233920K, 99% used [0x0000000080000000,0x00000000cb4bcc80,0x00000000cb500000)
 Metaspace       used 80162K, committed 81728K, reserved 1179648K
  class space    used 7805K, committed 8512K, reserved 1048576K
}
Event: 99983.588 GC heap after
{Heap after GC invocations=4830 (full 6):
 PSYoungGen      total 6656K, used 1505K [0x00000000d5580000, 0x00000000d6580000, 0x0000000100000000)
  eden space 5120K, 0% used [0x00000000d5580000,0x00000000d5580000,0x00000000d5a80000)
  from space 1536K, 98% used [0x00000000d5b00000,0x00000000d5c786e0,0x00000000d5c80000)
  to   space 5632K, 0% used [0x00000000d6000000,0x00000000d6000000,0x00000000d6580000)
 ParOldGen       total 1237504K, used 1237088K [0x0000000080000000, 0x00000000cb880000, 0x00000000d5580000)
  object space 1237504K, 99% used [0x0000000080000000,0x00000000cb818130,0x00000000cb880000)
 Metaspace       used 80162K, committed 81728K, reserved 1179648K
  class space    used 7805K, committed 8512K, reserved 1048576K
}
Event: 99983.601 GC heap before
{Heap before GC invocations=4831 (full 6):
 PSYoungGen      total 6656K, used 6625K [0x00000000d5580000, 0x00000000d6580000, 0x0000000100000000)
  eden space 5120K, 100% used [0x00000000d5580000,0x00000000d5a80000,0x00000000d5a80000)
  from space 1536K, 98% used [0x00000000d5b00000,0x00000000d5c786e0,0x00000000d5c80000)
  to   space 5632K, 0% used [0x00000000d6000000,0x00000000d6000000,0x00000000d6580000)
 ParOldGen       total 1237504K, used 1237088K [0x0000000080000000, 0x00000000cb880000, 0x00000000d5580000)
  object space 1237504K, 99% used [0x0000000080000000,0x00000000cb818130,0x00000000cb880000)
 Metaspace       used 80162K, committed 81728K, reserved 1179648K
  class space    used 7805K, committed 8512K, reserved 1048576K
}
Event: 99983.606 GC heap after
{Heap after GC invocations=4831 (full 6):
 PSYoungGen      total 9728K, used 4129K [0x00000000d5580000, 0x00000000d6480000, 0x0000000100000000)
  eden space 5120K, 0% used [0x00000000d5580000,0x00000000d5580000,0x00000000d5a80000)
  from space 4608K, 89% used [0x00000000d6000000,0x00000000d64086e0,0x00000000d6480000)
  to   space 4608K, 0% used [0x00000000d5b80000,0x00000000d5b80000,0x00000000d6000000)
 ParOldGen       total 1238528K, used 1238234K [0x0000000080000000, 0x00000000cb980000, 0x00000000d5580000)
  object space 1238528K, 99% used [0x0000000080000000,0x00000000cb936810,0x00000000cb980000)
 Metaspace       used 80162K, committed 81728K, reserved 1179648K
  class space    used 7805K, committed 8512K, reserved 1048576K
}

